0 info it worked if it ends with ok
1 verbose cli [ '/usr/local/bin/node', '/usr/local/bin/npm', 'publish' ]
2 info using npm@4.0.5
3 info using node@v7.4.0
4 verbose publish [ '.' ]
5 silly cache add args [ '.', null ]
6 verbose cache add spec .
7 silly cache add parsed spec Result {
7 silly cache add   raw: '.',
7 silly cache add   scope: null,
7 silly cache add   escapedName: null,
7 silly cache add   name: null,
7 silly cache add   rawSpec: '.',
7 silly cache add   spec: '/Users/agora/Desktop/everis/testlink-api-ng',
7 silly cache add   type: 'directory' }
8 verbose addLocalDirectory /Users/agora/.npm/testlink-api-ng/1.0.1/package.tgz not in flight; packing
9 verbose correctMkdir /Users/agora/.npm correctMkdir not in flight; initializing
10 info lifecycle testlink-api-ng@1.0.1~prepublish: testlink-api-ng@1.0.1
11 silly lifecycle testlink-api-ng@1.0.1~prepublish: no script for prepublish, continuing
12 info lifecycle testlink-api-ng@1.0.1~prepare: testlink-api-ng@1.0.1
13 silly lifecycle testlink-api-ng@1.0.1~prepare: no script for prepare, continuing
14 verbose tar pack [ '/Users/agora/.npm/testlink-api-ng/1.0.1/package.tgz',
14 verbose tar pack   '/Users/agora/Desktop/everis/testlink-api-ng' ]
15 verbose tarball /Users/agora/.npm/testlink-api-ng/1.0.1/package.tgz
16 verbose folder /Users/agora/Desktop/everis/testlink-api-ng
17 verbose addLocalTarball adding from inside cache /Users/agora/.npm/testlink-api-ng/1.0.1/package.tgz
18 verbose correctMkdir /Users/agora/.npm correctMkdir not in flight; initializing
19 silly cache afterAdd testlink-api-ng@1.0.1
20 verbose afterAdd /Users/agora/.npm/testlink-api-ng/1.0.1/package/package.json not in flight; writing
21 verbose correctMkdir /Users/agora/.npm correctMkdir not in flight; initializing
22 verbose afterAdd /Users/agora/.npm/testlink-api-ng/1.0.1/package/package.json written
23 silly publish { name: 'testlink-api-ng',
23 silly publish   version: '1.0.1',
23 silly publish   description: 'Testlink client that allows connection by http/https protocols.',
23 silly publish   main: 'index.js',
23 silly publish   'author:': 'Sergio Garcia sgarcavi93@gmail.com',
23 silly publish   license: 'ISC',
23 silly publish   scripts: { test: 'echo "Error: no test specified" && exit 1' },
23 silly publish   repository:
23 silly publish    { type: 'git',
23 silly publish      url: 'git+https://github.com/sgarcavi/testlink-api-ng.git' },
23 silly publish   dependencies: { underscore: '*', xmlrpc: '*' },
23 silly publish   keywords: [ 'testlink', 'https', 'request', 'api', 'connect', 'xmlrpc' ],
23 silly publish   readme: '# testlink-api-ng\nTestlink api client that allows connection by http/https both protocols.\n\n//Install\n\nnpm install testlink-api-ng\n',
23 silly publish   readmeFilename: 'README.md',
23 silly publish   gitHead: '6e7084a33614fd31454966b36414ae018bbb743c',
23 silly publish   bugs: { url: 'https://github.com/sgarcavi/testlink-api-ng/issues' },
23 silly publish   homepage: 'https://github.com/sgarcavi/testlink-api-ng#readme',
23 silly publish   _id: 'testlink-api-ng@1.0.1',
23 silly publish   _shasum: 'b2d2385f389cd69fbf90aa7582ee54101fb03b01',
23 silly publish   _from: '.' }
24 info lifecycle testlink-api-ng@1.0.1~prepublishOnly: testlink-api-ng@1.0.1
25 silly lifecycle testlink-api-ng@1.0.1~prepublishOnly: no script for prepublishOnly, continuing
26 verbose getPublishConfig undefined
27 silly mapToRegistry name testlink-api-ng
28 silly mapToRegistry using default registry
29 silly mapToRegistry registry https://registry.npmjs.org/
30 silly mapToRegistry data Result {
30 silly mapToRegistry   raw: 'testlink-api-ng',
30 silly mapToRegistry   scope: null,
30 silly mapToRegistry   escapedName: 'testlink-api-ng',
30 silly mapToRegistry   name: 'testlink-api-ng',
30 silly mapToRegistry   rawSpec: '',
30 silly mapToRegistry   spec: 'latest',
30 silly mapToRegistry   type: 'tag' }
31 silly mapToRegistry uri https://registry.npmjs.org/testlink-api-ng
32 verbose publish registryBase https://registry.npmjs.org/
33 silly publish uploading /Users/agora/.npm/testlink-api-ng/1.0.1/package.tgz
34 verbose request uri https://registry.npmjs.org/testlink-api-ng
35 verbose request sending authorization for write operation
36 info attempt registry request try #1 at 00:54:37
37 verbose request using bearer token for auth
38 verbose request id 3bc9ce2e01c2d473
39 http request PUT https://registry.npmjs.org/testlink-api-ng
40 http 403 https://registry.npmjs.org/testlink-api-ng
41 verbose headers { 'content-type': 'application/json',
41 verbose headers   'cache-control': 'max-age=300',
41 verbose headers   'content-length': '93',
41 verbose headers   'accept-ranges': 'bytes',
41 verbose headers   date: 'Sat, 10 Mar 2018 23:54:39 GMT',
41 verbose headers   via: '1.1 varnish',
41 verbose headers   connection: 'keep-alive',
41 verbose headers   'x-served-by': 'cache-mad9429-MAD',
41 verbose headers   'x-cache': 'MISS',
41 verbose headers   'x-cache-hits': '0',
41 verbose headers   'x-timer': 'S1520726078.202173,VS0,VE1792',
41 verbose headers   vary: 'Accept-Encoding, Accept' }
42 verbose request invalidating /Users/agora/.npm/registry.npmjs.org/testlink-api-ng on PUT
43 error publish Failed PUT 403
44 verbose stack Error: You cannot publish over the previously published versions: 1.0.1. : testlink-api-ng
44 verbose stack     at makeError (/usr/local/lib/node_modules/npm/node_modules/npm-registry-client/lib/request.js:302:12)
44 verbose stack     at CachingRegistryClient.<anonymous> (/usr/local/lib/node_modules/npm/node_modules/npm-registry-client/lib/request.js:290:14)
44 verbose stack     at Request._callback (/usr/local/lib/node_modules/npm/node_modules/npm-registry-client/lib/request.js:210:14)
44 verbose stack     at Request.self.callback (/usr/local/lib/node_modules/npm/node_modules/request/request.js:186:22)
44 verbose stack     at emitTwo (events.js:106:13)
44 verbose stack     at Request.emit (events.js:191:7)
44 verbose stack     at Request.<anonymous> (/usr/local/lib/node_modules/npm/node_modules/request/request.js:1081:10)
44 verbose stack     at emitOne (events.js:96:13)
44 verbose stack     at Request.emit (events.js:188:7)
44 verbose stack     at IncomingMessage.<anonymous> (/usr/local/lib/node_modules/npm/node_modules/request/request.js:1001:12)
45 verbose statusCode 403
46 verbose pkgid testlink-api-ng
47 verbose cwd /Users/agora/Desktop/everis/testlink-api-ng
48 error Darwin 17.4.0
49 error argv "/usr/local/bin/node" "/usr/local/bin/npm" "publish"
50 error node v7.4.0
51 error npm  v4.0.5
52 error code E403
53 error You cannot publish over the previously published versions: 1.0.1. : testlink-api-ng
54 error If you need help, you may report this error at:
54 error     <https://github.com/npm/npm/issues>
55 verbose exit [ 1, true ]
